[31mfatal[39m: MongoDB connection error: The `uri` parameter to `openUri()` must be a string, got "undefined". Make sure the first parameter to `mongoose.connect()` or `mongoose.createConnection()` is a string. {"timestamp":"2024-11-04T22:57:50.844Z"}
[31mfatal[39m: GET /api/user - USERSERVICE.GETALLUSES IS NOT A FUNCTION {"timestamp":"2024-11-05T14:48:06.744Z"}
[31mfatal[39m: GET /api/user - USERSERVICE.GETALLUSER IS NOT A FUNCTION {"timestamp":"2024-11-05T14:49:34.178Z"}
[33merror[39m: GET /api/user/66e21019b096eca75b9471e1 - NOT FOUND {"timestamp":"2024-11-05T14:53:54.064Z"}
[31mfatal[39m: GET /api/user - USERSERVICE.GETALLUSER IS NOT A FUNCTION {"timestamp":"2024-11-05T14:54:05.981Z"}
[31mfatal[39m: GET /api/user/67295348e5e91c628eccfc8 - CAST TO OBJECTID FAILED FOR VALUE "67295348E5E91C628ECCFC8" (TYPE STRING) AT PATH "_ID" FOR MODEL "USER" {"timestamp":"2024-11-05T14:54:48.878Z"}
[31mfatal[39m: GET /api/user/s - CAST TO OBJECTID FAILED FOR VALUE "S" (TYPE STRING) AT PATH "_ID" FOR MODEL "USER" {"timestamp":"2024-11-05T14:55:03.259Z"}
[33merror[39m: GET /api/user/67295348e5e91c628eccfc8d - NOT FOUND {"timestamp":"2024-11-05T14:55:16.082Z"}
[33merror[39m: GET /api/user/67295348e5e91c628eccfc8d - NOT FOUND {"timestamp":"2024-11-05T14:55:31.979Z"}
[33merror[39m: GET /api/user/67295348e5e91c628eccfc8d - NOT FOUND {"timestamp":"2024-11-05T14:55:34.586Z"}
[33merror[39m: GET /api/user/67295348e5e91c628eccfc8d - NOT FOUND {"timestamp":"2024-11-05T14:55:41.829Z"}
[33merror[39m: GET /api/user/67295348e5e91c628eccfc8d - NOT FOUND {"timestamp":"2024-11-05T14:55:51.461Z"}
[31mfatal[39m: GET /api/user/67295348e5e91c628eccfc8d - USERSERVICE.GETUSERBYI IS NOT A FUNCTION {"timestamp":"2024-11-05T14:57:05.540Z"}
[33merror[39m: GET /api/user/67295348e5e91c628eccfc8d - NOT FOUND {"timestamp":"2024-11-05T14:57:16.632Z"}
[33merror[39m: DELETE /api/user/66e21019b096eca75b9471e1 - NOT FOUND {"timestamp":"2024-11-05T15:00:45.677Z"}
[33merror[39m: DELETE /api/user/66e21019b096eca75b9471e1 - NOT FOUND {"timestamp":"2024-11-05T15:01:16.234Z"}
[31mfatal[39m: DELETE /api/user/66e21019b096eca75b9471e1 - USERSERVICE.DELETEUSE IS NOT A FUNCTION {"timestamp":"2024-11-05T15:01:24.501Z"}
[33merror[39m: DELETE /api/user/66e21019b096eca75b9471e1 - NOT FOUND {"timestamp":"2024-11-05T15:01:37.379Z"}
[33merror[39m: PUT /api/user/67295348e5e91c628eccfc8d - USER NOT FOUND {"timestamp":"2024-11-05T15:06:23.641Z"}
[31mfatal[39m: PUT /api/user/67295348e5e91c628eccfc8d - USERSERVICE.UPDATEUSE IS NOT A FUNCTION {"timestamp":"2024-11-05T15:07:33.176Z"}
[33merror[39m: PUT /api/user/67295348e5e91c628eccfc8d - USER NOT FOUND {"timestamp":"2024-11-05T15:14:47.988Z"}
[31mfatal[39m: GET /api/auth/logout - USER NOT FOUND  {"timestamp":"2024-11-05T15:50:30.918Z"}
[31mfatal[39m: GET /api/mocks/products/2 - FAKER.COMMERCE.PRODUCT(...).TOLOWERCAS IS NOT A FUNCTION {"timestamp":"2024-11-06T11:11:35.873Z"}
[31mfatal[39m: GET /api/mocks/products/2 - FAKER.COMMERCE.PRODUCT(...).TOLOWERCAS IS NOT A FUNCTION {"timestamp":"2024-11-06T11:15:11.238Z"}
[33merror[39m: GET /api/user/67295348e5e91c628eccfc8c - (RESOURCE) => `${RESOURCE} NOT FOUND` {"timestamp":"2024-11-06T11:18:11.566Z"}
[33merror[39m: GET /api/user/67295348e5e91c628eccfc8c - NOT FOUND {"timestamp":"2024-11-06T11:18:46.040Z"}
[33merror[39m: GET /api/user/67295348e5e91c628eccfc8c - USER NOT FOUND {"timestamp":"2024-11-06T11:28:00.816Z"}
[33merror[39m: GET /api/user/67295348e5e91c628eccfc8c -  NOT FOUND {"timestamp":"2024-11-06T11:29:36.164Z"}
[33merror[39m: GET /api/user/67295348e5e91c628eccfc8c -  NOT FOUND {"timestamp":"2024-11-06T11:31:01.959Z"}
[33merror[39m: GET /api/user/67295348e5e91c628eccfc8c - (RESOURCE) => `${RESOURCE} NOT FOUND` {"timestamp":"2024-11-06T11:36:27.539Z"}
[33merror[39m: GET /api/user/67295348e5e91c628eccfc8c - RESOURCE NOT FOUND {"timestamp":"2024-11-06T11:37:03.336Z"}
[33merror[39m: GET /api/user/67295348e5e91c628eccfc8c - RESOURCE NOT FOUND {"timestamp":"2024-11-06T12:00:01.620Z"}
[31mfatal[39m: POST /api/product/ - E11000 DUPLICATE KEY ERROR COLLECTION: FIRST-BACKEND3-DEVELOPMENT.PRODUCTS INDEX: CODE_1 DUP KEY: { CODE: "C012" } {"timestamp":"2024-11-06T14:31:53.389Z"}
[31mfatal[39m: POST /api/product/ - PRODUCTSERVICE.CREAT IS NOT A FUNCTION {"timestamp":"2024-11-06T14:32:09.634Z"}
[31mfatal[39m: PUT /api/product/66f55674af5cf29818f843bb - PRODUCTSERVICE.UPDAT IS NOT A FUNCTION {"timestamp":"2024-11-06T15:47:23.317Z"}
[31mfatal[39m: PUT /api/product/66f55674af5cf29818f843bb - USER IS NOT DEFINED {"timestamp":"2024-11-06T15:47:48.214Z"}
[31mfatal[39m: PUT /api/product/672a3f0acf1250204472d0c6 - USER IS NOT DEFINED {"timestamp":"2024-11-06T15:48:44.386Z"}
[31mfatal[39m: PUT /api/product/672a3f0acf1250204472d0c6 - USER IS NOT DEFINED {"timestamp":"2024-11-06T15:48:54.584Z"}
[31mfatal[39m: PUT /api/product/672a3f0acf1250204472d0c6 - CUSTOMERROR IS NOT DEFINED {"timestamp":"2024-11-06T15:49:26.219Z"}
[33merror[39m: PUT /api/product/672a3f0acf1250204472d0c6 - RESOURCE NOT FOUND {"timestamp":"2024-11-06T15:53:42.883Z"}
[31mfatal[39m: PUT /api/product/672a3f0acf1250204472d0c6 - PRODUCTSERVICE.UPDAT IS NOT A FUNCTION {"timestamp":"2024-11-06T15:54:08.839Z"}
[33merror[39m: PUT /api/product/672a3f0acf1250204472d0c6 - RESOURCE NOT FOUND {"timestamp":"2024-11-06T15:57:43.132Z"}
[33merror[39m: GET /api/product/66e246777a5c31b004538abe - RESOURCE NOT FOUND {"timestamp":"2024-11-06T16:03:16.062Z"}
[33merror[39m: GET /api/product/672b4feadffba5ab12eeee84 - RESOURCE NOT FOUND {"timestamp":"2024-11-06T16:09:23.945Z"}
[33merror[39m: DELETE /api/product/66e247d9b36245efe60ec032 - RESOURCE NOT FOUND {"timestamp":"2024-11-06T16:11:32.615Z"}
[33merror[39m: GET /api/product/672b4feadffba5ab12eeee83 - RESOURCE NOT FOUND {"timestamp":"2024-11-06T16:11:43.152Z"}
[31mfatal[39m: GET /api/product/limit?=2 - CAST TO OBJECTID FAILED FOR VALUE "LIMIT" (TYPE STRING) AT PATH "_ID" FOR MODEL "PRODUCTS" {"timestamp":"2024-11-06T16:33:33.010Z"}
[33merror[39m: GET /api/product?limit=10&page=200 - BAD REQUEST {"timestamp":"2024-11-06T16:37:57.221Z"}
[33merror[39m: GET /api/product?limit=10&page=200 - BAD REQUEST {"timestamp":"2024-11-06T16:38:01.161Z"}
[33merror[39m: GET /api/cart/66eb191721c88dbb0c26490b - RESOURCE NOT FOUND - Details: Cart not found {"timestamp":"2024-11-06T21:25:52.683Z"}
[33merror[39m: POST /api/cart/66eb191721c88dbb0c26490b/product/66e993d0756f03dffc084d29 - RESOURCE NOT FOUND {"timestamp":"2024-11-06T21:29:23.170Z"}
[33merror[39m: POST /api/cart/66eb191721c88dbb0c26490b/product/66e993d0756f03dffc084d29 - RESOURCE NOT FOUND {"timestamp":"2024-11-06T21:30:08.611Z"}
[33merror[39m: POST /api/cart/66eb191721c88dbb0c26490b/product/66e993d0756f03dffc084d29 - RESOURCE NOT FOUND - Details: Cart not found {"timestamp":"2024-11-06T21:30:26.991Z"}
[33merror[39m: POST /api/cart/66eb191721c88dbb0c26490b/product/66e993d0756f03dffc084d29 - BAD REQUEST - Details: Quantity must be a number {"timestamp":"2024-11-06T21:31:48.690Z"}
[33merror[39m: GET /api/user/67295348e5e91c628eccfc8c - RESOURCE NOT FOUND - Details: User not found {"timestamp":"2024-11-07T00:38:01.240Z"}
[33merror[39m: GET /api/user/67295348e5e91c628eccfc8c - USER NOT FOUND {"timestamp":"2024-11-07T00:48:51.498Z"}
[33merror[39m: GET /api/user/67295348e5e91c628eccfc8c - RESOURCE NOT FOUND {"timestamp":"2024-11-07T00:49:30.279Z"}
[33merror[39m: GET /api/user/67295348e5e91c628eccfc8c - USER NOT FOUND {"timestamp":"2024-11-07T00:49:45.803Z"}
[33merror[39m: POST /api/cart/672b7dbacb56859478fb39c2/product/672b4feadffba5ab12eeee85 - QUANTITY MUST BE A NUMBER {"timestamp":"2024-11-07T00:53:53.532Z"}
[33merror[39m: POST /api/cart/66eb191721c88dbb0c26490b/purchase - CART NOT FOUND {"timestamp":"2024-11-07T01:55:59.764Z"}
[33merror[39m: POST /api/cart/672b7dbacb56859478fb39c2/purchase - INSUFICIENT STOCK - Details: [object Object] {"timestamp":"2024-11-07T01:58:26.420Z"}
[33merror[39m: POST /api/cart/672b7dbacb56859478fb39c2/product/672b4feadffba5ab12eeee85 - OUT OF STOCK {"timestamp":"2024-11-07T10:17:28.757Z"}
[33merror[39m: GET /api/cart/66eb191721c88dbb0c26490b - CART NOT FOUND {"timestamp":"2024-11-07T10:17:47.595Z"}
[33merror[39m: POST /api/cart/672b7dbacb56859478fb39c2/product/672b4feadffba5ab12eeee85 - OUT OF STOCK {"timestamp":"2024-11-07T10:47:48.958Z"}
[33merror[39m: POST /api/cart/672b7dbacb56859478fb39c2/product/672b4feadffba5ab12eeee85 - OUT OF STOCK {"timestamp":"2024-11-07T10:47:53.698Z"}
[33merror[39m: POST /api/cart/672b7dbacb56859478fb39c2/product/672b4feadffba5ab12eeee85 - OUT OF STOCK {"timestamp":"2024-11-07T10:47:58.574Z"}
[33merror[39m: POST /api/cart/672b7dbacb56859478fb39c2/product/672b4feadffba5ab12eeee85 - OUT OF STOCK - Details: [object Object] {"timestamp":"2024-11-07T10:48:31.549Z"}
[33merror[39m: DELETE /api/cart/66eb191721c88dbb0c26490b - CART NOT FOUND {"timestamp":"2024-11-07T10:50:14.318Z"}
[33merror[39m: POST /api/cart/672ca16702ceb4403aaf7d8b/product/672b4feadffba5ab12eeee85 - OUT OF STOCK {"timestamp":"2024-11-07T11:19:27.062Z"}
[33merror[39m: PUT /api/cart/672ca16702ceb4403aaf7d8b/product/672b7dd2cb56859478fb39c8 - OUT OF STOCK {"timestamp":"2024-11-07T11:22:37.071Z"}
[33merror[39m: GET /api/user/673c733d1b6e15f03b6f8ac2 - USER NOT FOUND {"timestamp":"2024-11-28T15:56:41.363Z"}
[33merror[39m: GET /api/product?limit=10&page=200 - INVALID PAGE NUMBER {"timestamp":"2024-11-28T16:30:32.587Z"}
[31mfatal[39m: GET /api/product/paginate - CAST TO OBJECTID FAILED FOR VALUE "PAGINATE" (TYPE STRING) AT PATH "_ID" FOR MODEL "PRODUCTS" {"timestamp":"2024-11-28T16:47:55.911Z"}
[33merror[39m: GET /api/product/?limit=20&page=2 - INVALID PAGE NUMBER {"timestamp":"2024-11-28T16:49:50.257Z"}
[33merror[39m: GET /api/product/?page=2 - INVALID PAGE NUMBER {"timestamp":"2024-11-28T16:50:29.203Z"}
[33merror[39m: GET /api/product?limit=10&page=200 - INVALID PAGE NUMBER {"timestamp":"2024-11-28T16:51:00.494Z"}
[31mfatal[39m: GET /api/product/paginate/ - CAST TO OBJECTID FAILED FOR VALUE "PAGINATE" (TYPE STRING) AT PATH "_ID" FOR MODEL "PRODUCTS" {"timestamp":"2024-11-28T16:55:15.320Z"}
[31mfatal[39m: GET /api/product/paginate/ - CAST TO OBJECTID FAILED FOR VALUE "PAGINATE" (TYPE STRING) AT PATH "_ID" FOR MODEL "PRODUCTS" {"timestamp":"2024-11-28T16:56:01.225Z"}
[31mfatal[39m: GET /api/product/s - CAST TO OBJECTID FAILED FOR VALUE "S" (TYPE STRING) AT PATH "_ID" FOR MODEL "PRODUCTS" {"timestamp":"2024-11-28T16:57:16.917Z"}
[31mfatal[39m: GET /api/product/s - CAST TO OBJECTID FAILED FOR VALUE "S" (TYPE STRING) AT PATH "_ID" FOR MODEL "PRODUCTS" {"timestamp":"2024-11-28T16:57:19.912Z"}
[31mfatal[39m: GET /api/product/s - CAST TO OBJECTID FAILED FOR VALUE "S" (TYPE STRING) AT PATH "_ID" FOR MODEL "PRODUCTS" {"timestamp":"2024-11-28T16:57:41.036Z"}
[33merror[39m: GET /api/product/672b4feadffba5ab12eeee83 - PRODUCT NOT FOUND {"timestamp":"2024-11-30T18:18:46.549Z"}
[33merror[39m: GET /api/product/67489f6a88fe4919e31ea1f3 - PRODUCT NOT FOUND {"timestamp":"2024-11-30T18:19:02.790Z"}
[33merror[39m: GET /api/product/67489f6a88fe4919e31ea1f3 - PRODUCT NOT FOUND {"timestamp":"2024-11-30T18:19:46.461Z"}
[33merror[39m: GET /api/product/67489f6a88fe4919e31ea1f3 - PRODUCT NOT FOUND {"timestamp":"2024-11-30T18:20:19.535Z"}
[33merror[39m: GET /api/product/67489f6a88fe4919e31ea1f3 - PRODUCT NOT FOUND {"timestamp":"2024-11-30T18:22:13.790Z"}
[33merror[39m: GET /api/product/67489f6a88fe4919e31ea1f3 - PRODUCT NOT FOUND {"timestamp":"2024-11-30T18:23:00.524Z"}
[33merror[39m: GET /api/product/67489f6a88fe4919e31ea1f3 - PRODUCT NOT FOUND {"timestamp":"2024-11-30T18:23:15.037Z"}
[33merror[39m: GET /api/product/67489f6a88fe4919e31ea1f3 - PRODUCT NOT FOUND {"timestamp":"2024-11-30T18:23:34.008Z"}
[33merror[39m: GET /api/product/67489f6a88fe4919e31ea1f3 - PRODUCT NOT FOUND {"timestamp":"2024-11-30T18:23:44.306Z"}
[33merror[39m: GET /api/product/67489f6a88fe4919e31ea1f3 - PRODUCT NOT FOUND {"timestamp":"2024-11-30T18:35:07.201Z"}
[33merror[39m: GET /api/product/67489f6a88fe4919e31ea1f3 - PRODUCT NOT FOUND {"timestamp":"2024-11-30T18:44:17.576Z"}
[33merror[39m: GET /api/product/67489f6a88fe4919e31ea1f3 - PRODUCT NOT FOUND {"timestamp":"2024-11-30T18:46:37.755Z"}
[33merror[39m: GET /api/product/67489f6a88fe4919e31ea1f3 - PRODUCT NOT FOUND {"timestamp":"2024-11-30T18:47:13.040Z"}
[33merror[39m: GET /api/product/67489f6a88fe4919e31ea1f6 - PRODUCT NOT FOUND {"timestamp":"2024-11-30T18:48:15.298Z"}
[33merror[39m: GET /api/product/67489f6a88fe4919e31ea1f3 - PRODUCT NOT FOUND {"timestamp":"2024-11-30T18:48:15.316Z"}
[33merror[39m: DELETE /api/product/67489f6a88fe4919e31ea1f6 - PRODUCT NOT FOUND {"timestamp":"2024-11-30T18:48:15.332Z"}
[33merror[39m: GET /api/product/67489f6a88fe4919e31ea1f6 - PRODUCT NOT FOUND {"timestamp":"2024-11-30T19:00:59.773Z"}
[33merror[39m: GET /api/product/67489f6a88fe4919e31ea1f6 - PRODUCT NOT FOUND {"timestamp":"2024-11-30T19:01:38.475Z"}
[33merror[39m: GET /api/product/67489f6a88fe4919e31ea1f6 - PRODUCT NOT FOUND {"timestamp":"2024-11-30T19:01:59.782Z"}
[31mfatal[39m: POST /api/product - USER NOT FOUND  {"timestamp":"2024-11-30T19:16:37.167Z"}
[31mfatal[39m: POST /api/product - USER NOT FOUND  {"timestamp":"2024-11-30T19:17:25.747Z"}
[31mfatal[39m: POST /api/product - USER NOT FOUND  {"timestamp":"2024-11-30T19:18:39.176Z"}
[31mfatal[39m: POST /api/product - E11000 DUPLICATE KEY ERROR COLLECTION: FINAL-BACKEND3-DEVELOPMENT.PRODUCTS INDEX: CODE_1 DUP KEY: { CODE: "C012" } {"timestamp":"2024-12-01T15:02:16.530Z"}
[33merror[39m: DELETE /api/product/672b4feadffba5ab12eeee83 - PRODUCT NOT FOUND {"timestamp":"2024-12-01T15:45:37.200Z"}
[33merror[39m: GET /api/product/674c8587efb9470e612d71a9 - PRODUCT NOT FOUND {"timestamp":"2024-12-01T15:49:27.175Z"}
[33merror[39m: DELETE /api/product/6749e9cfe4b1ef2b82da23fc - PRODUCT NOT FOUND {"timestamp":"2024-12-01T15:49:38.663Z"}
[33merror[39m: GET /api/product/674c85b078d590dcd5e5066e - PRODUCT NOT FOUND {"timestamp":"2024-12-01T15:50:08.456Z"}
[33merror[39m: GET /api/product/674c8b61b01ab3ccb08a5774 - PRODUCT NOT FOUND {"timestamp":"2024-12-01T16:14:25.146Z"}
[33merror[39m: GET /api/product/674c8bd246ce3ec33899a96a - PRODUCT NOT FOUND {"timestamp":"2024-12-01T16:16:18.237Z"}
[33merror[39m: GET /api/product/674c8c3079cb2c205928bc41 - PRODUCT NOT FOUND {"timestamp":"2024-12-01T16:17:52.257Z"}
[33merror[39m: GET /api/product/674c8d0cacf292924f17d67c - PRODUCT NOT FOUND {"timestamp":"2024-12-01T16:21:32.108Z"}
[33merror[39m: GET /api/product/674c8d278002327c79dee2bc - PRODUCT NOT FOUND {"timestamp":"2024-12-01T16:22:00.039Z"}
[33merror[39m: GET /api/product/674c8dd93a70cb54212e774f - PRODUCT NOT FOUND {"timestamp":"2024-12-01T16:24:57.491Z"}
[33merror[39m: GET /api/product/674c8dfbe10329b66ae3ac6c - PRODUCT NOT FOUND {"timestamp":"2024-12-01T16:25:31.428Z"}
[33merror[39m: GET /api/product/674c8e4f9ffa27c2694cdd7f - PRODUCT NOT FOUND {"timestamp":"2024-12-01T16:26:55.825Z"}
[33merror[39m: GET /api/product/674c8e6b81b0fcc279882c46 - PRODUCT NOT FOUND {"timestamp":"2024-12-01T16:27:23.871Z"}
[33merror[39m: GET /api/product/674c8e93fe193f3e5a47da63 - PRODUCT NOT FOUND {"timestamp":"2024-12-01T16:28:03.255Z"}
[33merror[39m: GET /api/product/674c8eaaf904a9471f08ac6c - PRODUCT NOT FOUND {"timestamp":"2024-12-01T16:28:26.264Z"}
[33merror[39m: GET /api/product/674c8ee3bf1995721de7f63f - PRODUCT NOT FOUND {"timestamp":"2024-12-01T16:29:23.198Z"}
[33merror[39m: GET /api/product/674c8f1c8da2ee8b5cd1d23d - PRODUCT NOT FOUND {"timestamp":"2024-12-01T16:30:20.149Z"}
